<?xml version="1.0" encoding="UTF-8"?>
<!-- Generated by org.testng.reporters.JUnitReportReporter -->
<testsuite hostname="DESKTOP-63IFQCS" failures="0" tests="3" name="com.railway.script.LoginValidation" time="2.950" errors="0" timestamp="2024-10-28T14:59:10 IST" skipped="0">
  <testcase classname="com.railway.script.LoginValidation" name="ValidLogin" time="2.078"/>
  <system-out/>
  <testcase classname="com.railway.script.LoginValidation" name="InValidLogin" time="0.297"/>
  <system-out/>
  <testcase classname="com.railway.script.LoginValidation" name="InValidLoginA" time="0.575"/>
  <system-out/>
</testsuite> <!-- com.railway.script.LoginValidation -->
