<?xml version="1.0" encoding="UTF-8"?>
<!-- Generated by org.testng.reporters.JUnitReportReporter -->
<<<<<<< HEAD
<testsuite hostname="DESKTOP-63IFQCS" failures="0" tests="1" name="com.railway.script.ForgotPasswordValidation" time="0.067" errors="0" timestamp="2024-10-29T19:31:19 IST" skipped="0">
  <testcase classname="com.railway.script.ForgotPasswordValidation" name="ForgotPasswordA" time="0.067"/>
=======
<testsuite hostname="DESKTOP-M50E0CG" failures="0" tests="1" name="com.railway.script.ForgotPasswordValidation" time="6.389" errors="0" timestamp="2024-10-29T19:36:29 IST" skipped="0">
  <testcase classname="com.railway.script.ForgotPasswordValidation" name="ForgotPasswordA" time="6.389"/>
>>>>>>> 47fc12f74653267bfadc3a51025dc907e9aa486f
  <system-out/>
</testsuite> <!-- com.railway.script.ForgotPasswordValidation -->
