<?xml version="1.0" encoding="UTF-8"?>
<!-- Generated by org.testng.reporters.JUnitReportReporter -->
<testsuite hostname="DESKTOP-M50E0CG" failures="0" tests="4" name="com.railway.script.Supervisors_Management" time="3.827" errors="0" timestamp="2024-10-29T19:36:28 IST" skipped="0">
  <testcase classname="com.railway.script.Supervisors_Management" name="Admin" time="2.571"/>
  <system-out/>
  <testcase classname="com.railway.script.Supervisors_Management" name="StationA" time="0.734"/>
  <system-out/>
  <testcase classname="com.railway.script.Supervisors_Management" name="ErrorMesaageValidation" time="0.374"/>
  <system-out>
    <![CDATA[Email or phone number already exists. Clicking the back button]]>
  </system-out>
  <testcase classname="com.railway.script.Supervisors_Management" name="SupervisorManagementD" time="0.148"/>
  <system-out/>
</testsuite> <!-- com.railway.script.Supervisors_Management -->
