<?xml version="1.0" encoding="UTF-8"?>
<!-- Generated by org.testng.reporters.JUnitReportReporter -->
<testsuite hostname="DESKTOP-M50E0CG" failures="0" tests="7" name="com.railway.script.LoginValidation" time="3.680" errors="0" timestamp="2024-10-29T19:36:30 IST" skipped="0">
  <testcase classname="com.railway.script.LoginValidation" name="ValidLogin" time="1.474"/>
  <system-out/>
  <testcase classname="com.railway.script.LoginValidation" name="InValidLogin" time="0.455"/>
  <system-out/>
  <testcase classname="com.railway.script.LoginValidation" name="InValidLoginA" time="1.103"/>
  <system-out/>
  <testcase classname="com.railway.script.LoginValidation" name="InValidLoginB" time="0.119"/>
  <system-out/>
  <testcase classname="com.railway.script.LoginValidation" name="InValidLoginC" time="0.148"/>
  <system-out/>
  <testcase classname="com.railway.script.LoginValidation" name="InValidLoginD" time="0.138"/>
  <system-out/>
  <testcase classname="com.railway.script.LoginValidation" name="InValidLoginE" time="0.243"/>
  <system-out/>
</testsuite> <!-- com.railway.script.LoginValidation -->
