<?xml version="1.0" encoding="UTF-8"?>
<!-- Generated by org.testng.reporters.JUnitReportReporter -->
<testsuite hostname="DESKTOP-63IFQCS" failures="0" tests="2" name="com.railway.script.Supervisors_Management" time="2.260" errors="0" timestamp="2024-10-22T19:23:16 IST" skipped="0">
  <testcase classname="com.railway.script.Supervisors_Management" name="Admin" time="1.350"/>
  <system-out/>
  <testcase classname="com.railway.script.Supervisors_Management" name="StationA" time="0.910"/>
  <system-out/>
</testsuite> <!-- com.railway.script.Supervisors_Management -->
