<?xml version="1.0" encoding="UTF-8"?>
<!-- Generated by org.testng.reporters.JUnitReportReporter -->
<testsuite hostname="DESKTOP-63IFQCS" failures="0" tests="7" name="com.railway.script.LoginValidation" time="3.872" errors="0" timestamp="2024-10-29T18:58:06 IST" skipped="0">
  <testcase classname="com.railway.script.LoginValidation" name="ValidLogin" time="2.388"/>
  <system-out/>
  <testcase classname="com.railway.script.LoginValidation" name="InValidLogin" time="0.308"/>
  <system-out/>
  <testcase classname="com.railway.script.LoginValidation" name="InValidLoginA" time="0.577"/>
  <system-out/>
  <testcase classname="com.railway.script.LoginValidation" name="InValidLoginB" time="0.127"/>
  <system-out/>
  <testcase classname="com.railway.script.LoginValidation" name="InValidLoginC" time="0.163"/>
  <system-out/>
  <testcase classname="com.railway.script.LoginValidation" name="InValidLoginE" time="0.171"/>
  <system-out/>
  <testcase classname="com.railway.script.LoginValidation" name="InValidLoginD" time="0.138"/>
  <system-out/>
</testsuite> <!-- com.railway.script.LoginValidation -->
