<?xml version="1.0" encoding="UTF-8"?>
<!-- Generated by org.testng.reporters.JUnitReportReporter -->
<testsuite hostname="DESKTOP-M50E0CG" failures="0" tests="1" name="com.railway.script.ForgotPasswordValidation" time="6.389" errors="0" timestamp="2024-10-29T19:36:29 IST" skipped="0">
  <testcase classname="com.railway.script.ForgotPasswordValidation" name="ForgotPasswordA" time="6.389"/>
  <system-out/>
</testsuite> <!-- com.railway.script.ForgotPasswordValidation -->
