<?xml version="1.0" encoding="UTF-8"?>
<!-- Generated by org.testng.reporters.JUnitReportReporter -->
<<<<<<< HEAD
<testsuite hostname="DESKTOP-63IFQCS" failures="0" tests="4" name="com.railway.script.Supervisors_Management" time="2.472" errors="0" timestamp="2024-10-29T19:31:19 IST" skipped="0">
  <testcase classname="com.railway.script.Supervisors_Management" name="Admin" time="1.377"/>
  <system-out/>
  <testcase classname="com.railway.script.Supervisors_Management" name="StationA" time="0.689"/>
  <system-out/>
  <testcase classname="com.railway.script.Supervisors_Management" name="ErrorMesaageValidation" time="0.326"/>
  <system-out>
    <![CDATA[Email or phone number already exists. Clicking the back button]]>
  </system-out>
  <testcase classname="com.railway.script.Supervisors_Management" name="SupervisorManagementD" time="0.080"/>
=======
<testsuite hostname="DESKTOP-M50E0CG" failures="0" tests="4" name="com.railway.script.Supervisors_Management" time="3.827" errors="0" timestamp="2024-10-29T19:36:28 IST" skipped="0">
  <testcase classname="com.railway.script.Supervisors_Management" name="Admin" time="2.571"/>
  <system-out/>
  <testcase classname="com.railway.script.Supervisors_Management" name="StationA" time="0.734"/>
  <system-out/>
  <testcase classname="com.railway.script.Supervisors_Management" name="ErrorMesaageValidation" time="0.374"/>
  <system-out>
    <![CDATA[Email or phone number already exists. Clicking the back button]]>
  </system-out>
  <testcase classname="com.railway.script.Supervisors_Management" name="SupervisorManagementD" time="0.148"/>
>>>>>>> 47fc12f74653267bfadc3a51025dc907e9aa486f
  <system-out/>
</testsuite> <!-- com.railway.script.Supervisors_Management -->
