<?xml version="1.0" encoding="UTF-8"?>
<!-- Generated by org.testng.reporters.JUnitReportReporter -->
<testsuite hostname="DESKTOP-63IFQCS" failures="0" tests="1" name="com.railway.script.LoginScript" time="0.867" errors="0" timestamp="2024-10-21T14:39:36 IST" skipped="0">
  <testcase classname="com.railway.script.LoginScript" name="Admin" time="0.867"/>
  <system-out/>
</testsuite> <!-- com.railway.script.LoginScript -->
