<?xml version="1.0" encoding="UTF-8"?>
<!-- Generated by org.testng.reporters.JUnitReportReporter -->
<testsuite hostname="DESKTOP-63IFQCS" failures="0" tests="7" name="com.railway.script.LoginValidation" time="3.421" errors="0" timestamp="2024-10-29T19:31:19 IST" skipped="0">
  <testcase classname="com.railway.script.LoginValidation" name="ValidLogin" time="1.684"/>
  <system-out/>
  <testcase classname="com.railway.script.LoginValidation" name="InValidLogin" time="0.582"/>
  <system-out/>
  <testcase classname="com.railway.script.LoginValidation" name="InValidLoginA" time="0.580"/>
  <system-out/>
  <testcase classname="com.railway.script.LoginValidation" name="InValidLoginB" time="0.106"/>
  <system-out/>
  <testcase classname="com.railway.script.LoginValidation" name="InValidLoginC" time="0.142"/>
  <system-out/>
  <testcase classname="com.railway.script.LoginValidation" name="InValidLoginE" time="0.173"/>
  <system-out/>
  <testcase classname="com.railway.script.LoginValidation" name="InValidLoginD" time="0.154"/>
  <system-out/>
</testsuite> <!-- com.railway.script.LoginValidation -->
