<?xml version="1.0" encoding="UTF-8"?>
<!-- Generated by org.testng.reporters.JUnitReportReporter -->
<testsuite hostname="DESKTOP-63IFQCS" failures="0" tests="4" name="com.railway.script.Supervisors_Management" time="2.472" errors="0" timestamp="2024-10-29T19:31:19 IST" skipped="0">
  <testcase classname="com.railway.script.Supervisors_Management" name="Admin" time="1.377"/>
  <system-out/>
  <testcase classname="com.railway.script.Supervisors_Management" name="StationA" time="0.689"/>
  <system-out/>
  <testcase classname="com.railway.script.Supervisors_Management" name="ErrorMesaageValidation" time="0.326"/>
  <system-out>
    <![CDATA[Email or phone number already exists. Clicking the back button]]>
  </system-out>
  <testcase classname="com.railway.script.Supervisors_Management" name="SupervisorManagementD" time="0.080"/>
  <system-out/>
</testsuite> <!-- com.railway.script.Supervisors_Management -->
