<?xml version="1.0" encoding="UTF-8"?>
<!-- Generated by org.testng.reporters.JUnitReportReporter -->
<testsuite hostname="DESKTOP-63IFQCS" failures="0" tests="1" name="com.railway.script.Supervisors_Management" time="1.403" errors="0" timestamp="2024-10-21T20:20:37 IST" skipped="0">
  <testcase classname="com.railway.script.Supervisors_Management" name="Admin" time="1.403"/>
  <system-out/>
</testsuite> <!-- com.railway.script.Supervisors_Management -->
