<?xml version="1.0" encoding="UTF-8"?>
<!-- Generated by org.testng.reporters.JUnitReportReporter -->
<testsuite hostname="DESKTOP-63IFQCS" failures="0" tests="2" name="com.railway.script.Supervisors_Management" time="4.337" errors="0" timestamp="2024-10-22T15:04:19 IST" skipped="0">
  <testcase classname="com.railway.script.Supervisors_Management" name="Admin" time="4.098"/>
  <system-out/>
  <testcase classname="com.railway.script.Supervisors_Management" name="Stations" time="0.239"/>
  <system-out/>
</testsuite> <!-- com.railway.script.Supervisors_Management -->
