<?xml version="1.0" encoding="UTF-8"?>
<!-- Generated by org.testng.reporters.JUnitReportReporter -->
<testsuite hostname="DESKTOP-63IFQCS" failures="0" tests="1" name="com.railway.script.ForgotPasswordValidation" time="0.061" errors="0" timestamp="2024-10-29T18:58:06 IST" skipped="0">
  <testcase classname="com.railway.script.ForgotPasswordValidation" name="ForgotPasswordA" time="0.061"/>
  <system-out/>
</testsuite> <!-- com.railway.script.ForgotPasswordValidation -->
